iMPACT Version: Jun  8 2013 12:13:20

iMPACT log file Started on Mon Sep  5 22:57:22 2016

Preference Table
Name                 Setting             
StartupClock         Auto_Correction     
AutoSignature        False               
KeepSVF              False               
ConcurrentMode       False               
UseHighz             False               
ConfigOnFailure      Stop                
UserLevel            Novice              
MessageLevel         Detailed            
svfUseTime           false               
SpiByteSwap          Auto_Correction     
AutoInfer            false               
SvfPlayDisplayComments false               
INFO:iMPACT - Digilent Plugin: Plugin Version: 2.4.4
INFO:iMPACT - Digilent Plugin: found 1 device(s).
INFO:iMPACT - Digilent Plugin: opening device: "JtagHs1", SN:210205426650
INFO:iMPACT - Digilent Plugin: User Name: JtagHs1
INFO:iMPACT - Digilent Plugin: Product Name: Digilent JTAG-HS1
INFO:iMPACT - Digilent Plugin: Serial Number: 210205426650
INFO:iMPACT - Digilent Plugin: Product ID: 30700150
INFO:iMPACT - Digilent Plugin: Firmware Version: 0108
INFO:iMPACT - Digilent Plugin: JTAG Port Number: 0
INFO:iMPACT - Digilent Plugin: JTAG Clock Frequency: 10000000 Hz
Identifying chain contents...'0': : Manufacturer's ID = Xilinx xc6slx16, Version : 4
INFO:iMPACT:1777 - 
   Reading /home/factory/Xilinx/14.6/ISE_DS/ISE/spartan6/data/xc6slx16.bsd...
INFO:iMPACT:501 - '1': Added Device xc6slx16 successfully.
----------------------------------------------------------------------
----------------------------------------------------------------------
done.
Elapsed time =      0 sec.
Elapsed time =      0 sec.
Unprotect sectors: FALSE
INFO:iMPACT - A CFI file is not detected. To ensure correct and safe   configuration,
    Please make sure a CFI file is present in the same directory as the PROM   file,
    or, regenerate the PROM file with the latest software.
Maximum TCK operating frequency for this device chain: 25000000.
Validating chain...
Boundary-scan chain validated successfully.
'1': SPI access core not detected. SPI access core will be downloaded to thedevice to enable operations.
INFO:iMPACT - Downloading core file   /home/factory/Xilinx/14.6/ISE_DS/ISE/spartan6/data/xc6slx16_spi.cor.
'1': Downloading core...
 LCK_cycle = NoWait.
LCK cycle: NoWait
done.
'1': Reading status register contents...
INFO:iMPACT:2219 - Status register values:
INFO:iMPACT - 0011 1100 1110 1100 
INFO:iMPACT:2492 - '1': Completed downloading core to device.
'1': IDCODE is 'ef4014' (in hex).
'1': ID Check passed.
'1': IDCODE is 'ef4014' (in hex).
'1': ID Check passed.
'1': Erasing Device.
'1': Using Sector Erase.
'1': Erasing non-volatile quad-enable bit...
'1': Programming Flash.
INFO:iMPACT - File mm.cfi does not exist.
'1':Programming in x1 mode.
W25Q80BV Status Register Contents = 0x0000.
QUAD ENABLE                                       :         0
STATUS REGISTER PROTECT 1                         :         0
STATUS REGISTER PROTECT 0                         :         0
SECTOR PROTECT                                    :         0
TOP/BOTTOM PROTECT                                :         0
BLOCK PROTECT BIT 2                               :         0
BLOCK PROTECT BIT 1                               :         0
BLOCK PROTECT BIT 0                               :         0
'1': Programmed successfully.
INFO:iMPACT - '1': Flash was programmed successfully.
 LCK_cycle = NoWait.
LCK cycle: NoWait
INFO:iMPACT - '1': Checking done pin....done.
'1': Programmed successfully.
Elapsed time =     12 sec.
